<?xml version="1.0" encoding="UTF-8"?>
<testng-results ignored="0" total="2" passed="2" failed="0" skipped="0">
  <reporter-output>
  </reporter-output>
  <suite started-at="2023-02-10T15:18:26 IST" name="Default suite" finished-at="2023-02-10T15:18:26 IST" duration-ms="45">
    <groups>
    </groups>
    <test started-at="2023-02-10T15:18:26 IST" name="Default test" finished-at="2023-02-10T15:18:26 IST" duration-ms="45">
      <class name="testV.TestV">
        <test-method signature="AtLeastOneWicketKeeper()[pri:0, instance:testV.TestV@6d4e5011]" started-at="2023-02-10T15:18:26 IST" name="AtLeastOneWicketKeeper" description="Validation of at least one wicket keeper" finished-at="2023-02-10T15:18:26 IST" duration-ms="7" status="PASS">
          <reporter-output>
          </reporter-output>
        </test-method> <!-- AtLeastOneWicketKeeper -->
        <test-method signature="OnlyFourForeignPlayers()[pri:0, instance:testV.TestV@6d4e5011]" started-at="2023-02-10T15:18:26 IST" name="OnlyFourForeignPlayers" description="Validation of only four foreign Players are allowed" finished-at="2023-02-10T15:18:26 IST" duration-ms="2" status="PASS">
          <reporter-output>
          </reporter-output>
        </test-method> <!-- OnlyFourForeignPlayers -->
      </class> <!-- testV.TestV -->
    </test> <!-- Default test -->
  </suite> <!-- Default suite -->
</testng-results>
